HSPF_MRO_ANDR/build/Android/Release/app/build/intermediates/manifest_merge_blame_file/debug/manifest-merger-blame-debug-report.txt
1<?xml version="1.0" encoding="utf-8"?>
2<manifest xmlns:android="http://schemas.android.com/apk/res/android"
3    package="com.apps.hsmro"
4    android:versionCode="12"
5    android:versionName="0.0.0" >
6
7    <uses-sdk
8        android:minSdkVersion="21"
8-->src/main/AndroidManifest.xml
9        android:targetSdkVersion="29" />
9-->src/main/AndroidManifest.xml
10
11    <uses-feature android:glEsVersion="0x00020000" />
11-->src/main/AndroidManifest.xml:5:5-53
11-->src/main/AndroidManifest.xml:5:19-51
12
13    <uses-permission android:name="android.permission.WAKE_LOCK" />
13-->src/main/AndroidManifest.xml:7:5-68
13-->src/main/AndroidManifest.xml:7:22-65
14    <uses-permission android:name="android.permission.WRITE_EXTERNAL_STORAGE" />
14-->src/main/AndroidManifest.xml:8:5-81
14-->src/main/AndroidManifest.xml:8:22-78
15    <uses-permission android:name="android.permission.INTERNET" />
15-->src/main/AndroidManifest.xml:9:5-67
15-->src/main/AndroidManifest.xml:9:22-64
16    <uses-permission android:name="android.permission.ACCESS_NETWORK_STATE" />
16-->src/main/AndroidManifest.xml:10:5-79
16-->src/main/AndroidManifest.xml:10:22-76
17    <uses-permission android:name="android.permission.VIBRATE" />
17-->src/main/AndroidManifest.xml:11:5-66
17-->src/main/AndroidManifest.xml:11:22-63
18    <uses-permission android:name="android.permission.CAMERA" />
18-->src/main/AndroidManifest.xml:12:5-65
18-->src/main/AndroidManifest.xml:12:22-62
19    <uses-permission android:name="android.permission.READ_EXTERNAL_STORAGE" />
19-->src/main/AndroidManifest.xml:13:5-80
19-->src/main/AndroidManifest.xml:13:22-77
20
21    <uses-feature android:name="android.hardware.camera" />
21-->src/main/AndroidManifest.xml:14:5-59
21-->src/main/AndroidManifest.xml:14:19-57
22    <uses-feature android:name="android.hardware.camera.autofocus" />
22-->src/main/AndroidManifest.xml:15:5-69
22-->src/main/AndroidManifest.xml:15:19-67
23
24    <application
24-->src/main/AndroidManifest.xml:20:5-93:19
25        android:allowBackup="false"
25-->src/main/AndroidManifest.xml:24:18-45
26        android:debuggable="true"
27        android:description="@string/description"
27-->src/main/AndroidManifest.xml:22:18-59
28        android:icon="@mipmap/icon"
28-->src/main/AndroidManifest.xml:21:18-45
29        android:label="@string/app_name"
29-->src/main/AndroidManifest.xml:20:54-86
30        android:largeHeap="false"
30-->src/main/AndroidManifest.xml:23:18-43
31        android:usesCleartextTraffic="true" >
31-->src/main/AndroidManifest.xml:20:18-53
32        <activity
32-->src/main/AndroidManifest.xml:26:9-75:20
33            android:name="com.apps.hsmro.HSMRO"
33-->src/main/AndroidManifest.xml:26:19-39
34            android:configChanges="orientation|keyboardHidden|screenSize|smallestScreenSize"
34-->src/main/AndroidManifest.xml:36:19-99
35            android:label="HS MRO"
35-->src/main/AndroidManifest.xml:27:19-41
36            android:launchMode="singleTask"
36-->src/main/AndroidManifest.xml:28:19-50
37            android:screenOrientation="user"
37-->src/main/AndroidManifest.xml:46:19-51
38            android:taskAffinity=""
38-->src/main/AndroidManifest.xml:34:19-42
39            android:theme="@style/AppTheme"
39-->src/main/AndroidManifest.xml:30:19-50
40            android:windowActionBar="false"
40-->src/main/AndroidManifest.xml:48:19-50
41            android:windowSoftInputMode="adjustResize" >
41-->src/main/AndroidManifest.xml:35:19-61
42            <meta-data
42-->src/main/AndroidManifest.xml:49:13-84
43                android:name="android.app.lib_name"
43-->src/main/AndroidManifest.xml:49:24-59
44                android:value="HSMRO" />
44-->src/main/AndroidManifest.xml:49:60-81
45
46            <intent-filter>
46-->src/main/AndroidManifest.xml:50:13-53:29
47                <action android:name="android.intent.action.MAIN" />
47-->src/main/AndroidManifest.xml:51:17-69
47-->src/main/AndroidManifest.xml:51:25-66
48
49                <category android:name="android.intent.category.LAUNCHER" />
49-->src/main/AndroidManifest.xml:52:17-77
49-->src/main/AndroidManifest.xml:52:27-74
50            </intent-filter>
51            <intent-filter>
51-->src/main/AndroidManifest.xml:54:13-62:29
52                <action android:name="android.intent.action.VIEW" />
52-->src/main/AndroidManifest.xml:55:17-69
52-->src/main/AndroidManifest.xml:55:25-66
53
54                <category android:name="android.intent.category.DEFAULT" />
54-->src/main/AndroidManifest.xml:56:17-76
54-->src/main/AndroidManifest.xml:56:27-73
55                <category android:name="android.intent.category.BROWSABLE" />
55-->src/main/AndroidManifest.xml:57:17-78
55-->src/main/AndroidManifest.xml:57:27-75
56            </intent-filter>
57        </activity>
58
59        <provider
59-->src/main/AndroidManifest.xml:78:9-86:12
60            android:name="com.fuse.fileprovider.CameraFileProvider"
60-->src/main/AndroidManifest.xml:79:2-57
61            android:authorities="com.apps.hsmro.camera_file_provider"
61-->src/main/AndroidManifest.xml:80:2-59
62            android:exported="false"
62-->src/main/AndroidManifest.xml:81:2-26
63            android:grantUriPermissions="true" >
63-->src/main/AndroidManifest.xml:82:2-36
64            <meta-data
64-->src/main/AndroidManifest.xml:83:2-85:50
65                android:name="android.support.FILE_PROVIDER_PATHS"
65-->src/main/AndroidManifest.xml:84:3-53
66                android:resource="@xml/android_camera_paths" />
66-->src/main/AndroidManifest.xml:85:3-47
67        </provider>
68
69        <activity
69-->src/main/AndroidManifest.xml:87:9-124
70            android:name="com.fuse.qreader.BarcodeCaptureActivity"
70-->src/main/AndroidManifest.xml:87:19-73
71            android:theme="@style/Theme.AppCompat" />
71-->src/main/AndroidManifest.xml:87:74-112
72        <activity
72-->[com.google.android.gms:play-services-base:16.0.1] AndroidManifest.xml:23:9-26:75
73            android:name="com.google.android.gms.common.api.GoogleApiActivity"
73-->[com.google.android.gms:play-services-base:16.0.1] AndroidManifest.xml:24:13-79
74            android:exported="false"
74-->[com.google.android.gms:play-services-base:16.0.1] AndroidManifest.xml:25:13-37
75            android:theme="@android:style/Theme.Translucent.NoTitleBar" />
75-->[com.google.android.gms:play-services-base:16.0.1] AndroidManifest.xml:26:13-72
76
77        <meta-data
77-->[com.google.android.gms:play-services-basement:16.0.1] AndroidManifest.xml:23:9-25:69
78            android:name="com.google.android.gms.version"
78-->[com.google.android.gms:play-services-basement:16.0.1] AndroidManifest.xml:24:13-58
79            android:value="@integer/google_play_services_version" />
79-->[com.google.android.gms:play-services-basement:16.0.1] AndroidManifest.xml:25:13-66
80    </application>
81
82</manifest>